2025-01-02T00:02:42.308-08:00  INFO 67059 --- [Amazon Backend] [main] c.example.demo.Product.GetProductsTest   : Starting GetProductsTest using Java 22.0.2 with PID 67059 (started by sid in /Users/sid/Spring/Amazon Backend)
2025-01-02T00:02:42.317-08:00  INFO 67059 --- [Amazon Backend] [main] c.example.demo.Product.GetProductsTest   : No active profile set, falling back to 1 default profile: "default"
2025-01-02T00:02:42.392-08:00  INFO 67059 --- [Amazon Backend] [main] c.example.demo.Product.GetProductsTest   : Started GetProductsTest in 0.319 seconds (process running for 0.904)
2025-01-02T00:02:42.824-08:00  INFO 67059 --- [Amazon Backend] [main] c.e.demo.product.service.GetProducts     : Get ALL Products GetProducts
2025-01-02T00:12:48.255-08:00  INFO 67255 --- [Amazon Backend] [main] c.example.demo.Product.GetProductsTest   : Starting GetProductsTest using Java 22.0.2 with PID 67255 (started by sid in /Users/sid/Spring/Amazon Backend)
2025-01-02T00:12:48.257-08:00  INFO 67255 --- [Amazon Backend] [main] c.example.demo.Product.GetProductsTest   : No active profile set, falling back to 1 default profile: "default"
2025-01-02T00:12:48.320-08:00  INFO 67255 --- [Amazon Backend] [main] c.example.demo.Product.GetProductsTest   : Started GetProductsTest in 0.273 seconds (process running for 0.846)
2025-01-02T00:12:48.735-08:00  INFO 67255 --- [Amazon Backend] [main] c.e.demo.product.service.GetProducts     : Get ALL Products GetProducts
2025-01-02T00:18:46.912-08:00  INFO 67325 --- [Amazon Backend] [main] c.example.demo.Product.GetProductsTest   : Starting GetProductsTest using Java 22.0.2 with PID 67325 (started by sid in /Users/sid/Spring/Amazon Backend)
2025-01-02T00:18:46.913-08:00  INFO 67325 --- [Amazon Backend] [main] c.example.demo.Product.GetProductsTest   : No active profile set, falling back to 1 default profile: "default"
2025-01-02T00:18:46.981-08:00  INFO 67325 --- [Amazon Backend] [main] c.example.demo.Product.GetProductsTest   : Started GetProductsTest in 0.258 seconds (process running for 0.853)
2025-01-02T00:18:47.399-08:00  INFO 67325 --- [Amazon Backend] [main] c.e.demo.product.service.GetProducts     : Get ALL Products GetProducts
2025-01-02T00:18:47.414-08:00  INFO 67325 --- [Amazon Backend] [main] c.e.demo.product.service.GetProducts     : Get ALL Products GetProducts
2025-01-02T00:19:36.971-08:00  INFO 67336 --- [Amazon Backend] [main] c.example.demo.Product.GetProductsTest   : Starting GetProductsTest using Java 22.0.2 with PID 67336 (started by sid in /Users/sid/Spring/Amazon Backend)
2025-01-02T00:19:36.972-08:00  INFO 67336 --- [Amazon Backend] [main] c.example.demo.Product.GetProductsTest   : No active profile set, falling back to 1 default profile: "default"
2025-01-02T00:19:37.039-08:00  INFO 67336 --- [Amazon Backend] [main] c.example.demo.Product.GetProductsTest   : Started GetProductsTest in 0.254 seconds (process running for 0.805)
2025-01-02T00:19:37.438-08:00  INFO 67336 --- [Amazon Backend] [main] c.e.demo.product.service.GetProducts     : Get ALL Products GetProducts
2025-01-02T00:19:37.450-08:00  INFO 67336 --- [Amazon Backend] [main] c.e.demo.product.service.GetProducts     : Get ALL Products GetProducts
2025-01-02T00:33:08.379-08:00  INFO 67659 --- [Amazon Backend] [main] c.example.demo.AmazonBackendApplication  : Starting AmazonBackendApplication using Java 22.0.2 with PID 67659 (/Users/sid/Spring/Amazon Backend/target/classes started by sid in /Users/sid/Spring/Amazon Backend)
2025-01-02T00:33:08.380-08:00  INFO 67659 --- [Amazon Backend] [main] c.example.demo.AmazonBackendApplication  : No active profile set, falling back to 1 default profile: "default"
2025-01-02T00:33:08.659-08:00  INFO 67659 --- [Amazon Backend] [main] .s.d.r.c.RepositoryConfigurationDelegate : Bootstrapping Spring Data JPA repositories in DEFAULT mode.
2025-01-02T00:33:08.687-08:00  INFO 67659 --- [Amazon Backend] [main] .s.d.r.c.RepositoryConfigurationDelegate : Finished Spring Data repository scanning in 24 ms. Found 2 JPA repository interfaces.
2025-01-02T00:33:08.901-08:00  INFO 67659 --- [Amazon Backend] [main] o.s.b.w.embedded.tomcat.TomcatWebServer  : Tomcat initialized with port 8080 (http)
2025-01-02T00:33:08.908-08:00  INFO 67659 --- [Amazon Backend] [main] o.apache.catalina.core.StandardService   : Starting service [Tomcat]
2025-01-02T00:33:08.908-08:00  INFO 67659 --- [Amazon Backend] [main] o.apache.catalina.core.StandardEngine    : Starting Servlet engine: [Apache Tomcat/10.1.34]
2025-01-02T00:33:08.928-08:00  INFO 67659 --- [Amazon Backend] [main] o.a.c.c.C.[Tomcat].[localhost].[/]       : Initializing Spring embedded WebApplicationContext
2025-01-02T00:33:08.929-08:00  INFO 67659 --- [Amazon Backend] [main] w.s.c.ServletWebServerApplicationContext : Root WebApplicationContext: initialization completed in 529 ms
2025-01-02T00:33:08.996-08:00  INFO 67659 --- [Amazon Backend] [main] o.hibernate.jpa.internal.util.LogHelper  : HHH000204: Processing PersistenceUnitInfo [name: default]
2025-01-02T00:33:09.026-08:00  INFO 67659 --- [Amazon Backend] [main] org.hibernate.Version                    : HHH000412: Hibernate ORM core version 6.6.4.Final
2025-01-02T00:33:09.040-08:00  INFO 67659 --- [Amazon Backend] [main] o.h.c.internal.RegionFactoryInitiator    : HHH000026: Second-level cache disabled
2025-01-02T00:33:09.165-08:00  INFO 67659 --- [Amazon Backend] [main] o.s.o.j.p.SpringPersistenceUnitInfo      : No LoadTimeWeaver setup: ignoring JPA class transformer
2025-01-02T00:33:09.179-08:00  INFO 67659 --- [Amazon Backend] [main] com.zaxxer.hikari.HikariDataSource       : HikariPool-1 - Starting...
2025-01-02T00:33:09.388-08:00  INFO 67659 --- [Amazon Backend] [main] com.zaxxer.hikari.pool.HikariPool        : HikariPool-1 - Added connection com.mysql.cj.jdbc.ConnectionImpl@6be50b35
2025-01-02T00:33:09.389-08:00  INFO 67659 --- [Amazon Backend] [main] com.zaxxer.hikari.HikariDataSource       : HikariPool-1 - Start completed.
2025-01-02T00:33:09.437-08:00  INFO 67659 --- [Amazon Backend] [main] org.hibernate.orm.connections.pooling    : HHH10001005: Database info:
	Database JDBC URL [Connecting through datasource 'HikariDataSource (HikariPool-1)']
	Database driver: undefined/unknown
	Database version: 8.0.40
	Autocommit mode: undefined/unknown
	Isolation level: undefined/unknown
	Minimum pool size: undefined/unknown
	Maximum pool size: undefined/unknown
2025-01-02T00:33:09.803-08:00  INFO 67659 --- [Amazon Backend] [main] o.h.e.t.j.p.i.JtaPlatformInitiator       : HHH000489: No JTA platform available (set 'hibernate.transaction.jta.platform' to enable JTA platform integration)
2025-01-02T00:33:09.855-08:00  INFO 67659 --- [Amazon Backend] [main] j.LocalContainerEntityManagerFactoryBean : Initialized JPA EntityManagerFactory for persistence unit 'default'
2025-01-02T00:33:09.981-08:00  INFO 67659 --- [Amazon Backend] [main] o.s.d.j.r.query.QueryEnhancerFactory     : Hibernate is in classpath; If applicable, HQL parser will be used.
2025-01-02T00:33:10.410-08:00  WARN 67659 --- [Amazon Backend] [main] JpaBaseConfiguration$JpaWebConfiguration : spring.jpa.open-in-view is enabled by default. Therefore, database queries may be performed during view rendering. Explicitly configure spring.jpa.open-in-view to disable this warning
2025-01-02T00:33:10.602-08:00  INFO 67659 --- [Amazon Backend] [main] o.s.b.w.embedded.tomcat.TomcatWebServer  : Tomcat started on port 8080 (http) with context path '/'
2025-01-02T00:33:10.607-08:00  INFO 67659 --- [Amazon Backend] [main] c.example.demo.AmazonBackendApplication  : Started AmazonBackendApplication in 2.469 seconds (process running for 2.91)
2025-01-02T00:33:21.825-08:00  INFO 67659 --- [Amazon Backend] [http-nio-8080-exec-2] o.a.c.c.C.[Tomcat].[localhost].[/]       : Initializing Spring DispatcherServlet 'dispatcherServlet'
2025-01-02T00:33:21.825-08:00  INFO 67659 --- [Amazon Backend] [http-nio-8080-exec-2] o.s.web.servlet.DispatcherServlet        : Initializing Servlet 'dispatcherServlet'
2025-01-02T00:33:21.827-08:00  INFO 67659 --- [Amazon Backend] [http-nio-8080-exec-2] o.s.web.servlet.DispatcherServlet        : Completed initialization in 0 ms
2025-01-02T00:33:21.858-08:00  INFO 67659 --- [Amazon Backend] [http-nio-8080-exec-2] c.e.demo.product.service.GetProducts     : Get ALL Products GetProducts
2025-01-02T00:33:44.379-08:00  INFO 67659 --- [Amazon Backend] [SpringApplicationShutdownHook] o.s.b.w.e.tomcat.GracefulShutdown        : Commencing graceful shutdown. Waiting for active requests to complete
2025-01-02T00:33:44.382-08:00  INFO 67659 --- [Amazon Backend] [tomcat-shutdown] o.s.b.w.e.tomcat.GracefulShutdown        : Graceful shutdown complete
2025-01-02T00:33:44.385-08:00  INFO 67659 --- [Amazon Backend] [SpringApplicationShutdownHook] j.LocalContainerEntityManagerFactoryBean : Closing JPA EntityManagerFactory for persistence unit 'default'
2025-01-02T00:33:44.386-08:00  INFO 67659 --- [Amazon Backend] [SpringApplicationShutdownHook] com.zaxxer.hikari.HikariDataSource       : HikariPool-1 - Shutdown initiated...
2025-01-02T00:33:44.395-08:00  INFO 67659 --- [Amazon Backend] [SpringApplicationShutdownHook] com.zaxxer.hikari.HikariDataSource       : HikariPool-1 - Shutdown completed.
